# JRE version: OpenJDK Runtime Environment (17.0.1+12) (build 17.0.1+12-39)
# Java VM: OpenJDK 64-Bit Server VM (17.0.1+12-39, mixed mode, sharing, tiered, compressed oops, compressed class ptrs, g1 gc, windows-amd64)
GC Precious Log:
 CPUs: 12 total, 12 available
 Memory: 32694M
 Large Page Support: Disabled
 NUMA Support: Disabled
 Compressed Oops: Enabled (Zero based)
 Heap Region Size: 4M
 Heap Min Capacity: 8M
 Heap Initial Capacity: 512M
 Heap Max Capacity: 8176M
 Pre-touch: Disabled
 Parallel Workers: 10
 Concurrent Workers: 3
 Concurrent Refinement Workers: 10
 Periodic GC: Disabled
Heap:
 garbage-first heap   total 81920K, used 29496K [0x0000000601000000, 0x0000000800000000)
  region size 4096K, 4 young (16384K), 1 survivors (4096K)
 Metaspace       used 48739K, committed 49088K, reserved 1097728K
  class space    used 6581K, committed 6784K, reserved 1048576K
GC Heap History (20 events):
Event: 0.243 GC heap before
{Heap before GC invocations=0 (full 0):
 garbage-first heap   total 524288K, used 20480K [0x0000000601000000, 0x0000000800000000)
  region size 4096K, 6 young (24576K), 0 survivors (0K)
 Metaspace       used 4398K, committed 4608K, reserved 1056768K
  class space    used 475K, committed 576K, reserved 1048576K
}
Event: 0.245 GC heap after
{Heap after GC invocations=1 (full 0):
 garbage-first heap   total 524288K, used 6281K [0x0000000601000000, 0x0000000800000000)
  region size 4096K, 1 young (4096K), 1 survivors (4096K)
 Metaspace       used 4398K, committed 4608K, reserved 1056768K
  class space    used 475K, committed 576K, reserved 1048576K
}
Event: 0.248 GC heap before
{Heap before GC invocations=1 (full 0):
 garbage-first heap   total 524288K, used 22665K [0x0000000601000000, 0x0000000800000000)
  region size 4096K, 6 young (24576K), 1 survivors (4096K)
 Metaspace       used 4398K, committed 4608K, reserved 1056768K
  class space    used 475K, committed 576K, reserved 1048576K
}
Event: 0.249 GC heap after
{Heap after GC invocations=2 (full 0):
 garbage-first heap   total 524288K, used 6464K [0x0000000601000000, 0x0000000800000000)
  region size 4096K, 1 young (4096K), 1 survivors (4096K)
 Metaspace       used 4398K, committed 4608K, reserved 1056768K
  class space    used 475K, committed 576K, reserved 1048576K
}
Event: 0.524 GC heap before
{Heap before GC invocations=2 (full 0):
 garbage-first heap   total 524288K, used 51520K [0x0000000601000000, 0x0000000800000000)
  region size 4096K, 13 young (53248K), 1 survivors (4096K)
 Metaspace       used 12952K, committed 13184K, reserved 1064960K
  class space    used 1584K, committed 1728K, reserved 1048576K
}
Event: 0.526 GC heap after
{Heap after GC invocations=3 (full 0):
 garbage-first heap   total 524288K, used 8730K [0x0000000601000000, 0x0000000800000000)
  region size 4096K, 1 young (4096K), 1 survivors (4096K)
 Metaspace       used 12952K, committed 13184K, reserved 1064960K
  class space    used 1584K, committed 1728K, reserved 1048576K
}
Event: 1.002 GC heap before
{Heap before GC invocations=3 (full 0):
 garbage-first heap   total 524288K, used 98842K [0x0000000601000000, 0x0000000800000000)
  region size 4096K, 25 young (102400K), 1 survivors (4096K)
 Metaspace       used 21210K, committed 21504K, reserved 1073152K
  class space    used 2649K, committed 2816K, reserved 1048576K
}
Event: 1.004 GC heap after
{Heap after GC invocations=4 (full 0):
 garbage-first heap   total 524288K, used 12395K [0x0000000601000000, 0x0000000800000000)
  region size 4096K, 2 young (8192K), 2 survivors (8192K)
 Metaspace       used 21210K, committed 21504K, reserved 1073152K
  class space    used 2649K, committed 2816K, reserved 1048576K
}
Event: 1.286 GC heap before
{Heap before GC invocations=5 (full 0):
 garbage-first heap   total 69632K, used 49259K [0x0000000601000000, 0x0000000800000000)
  region size 4096K, 12 young (49152K), 2 survivors (8192K)
 Metaspace       used 26074K, committed 26368K, reserved 1073152K
  class space    used 3311K, committed 3456K, reserved 1048576K
}
Event: 1.289 GC heap after
{Heap after GC invocations=6 (full 0):
 garbage-first heap   total 69632K, used 15284K [0x0000000601000000, 0x0000000800000000)
  region size 4096K, 3 young (12288K), 3 survivors (12288K)
 Metaspace       used 26074K, committed 26368K, reserved 1073152K
  class space    used 3311K, committed 3456K, reserved 1048576K
}
Event: 1.290 GC heap before
{Heap before GC invocations=6 (full 0):
 garbage-first heap   total 69632K, used 15284K [0x0000000601000000, 0x0000000800000000)
  region size 4096K, 4 young (16384K), 3 survivors (12288K)
 Metaspace       used 26074K, committed 26368K, reserved 1073152K
  class space    used 3311K, committed 3456K, reserved 1048576K
}
Event: 1.292 GC heap after
{Heap after GC invocations=7 (full 0):
 garbage-first heap   total 69632K, used 14798K [0x0000000601000000, 0x0000000800000000)
  region size 4096K, 1 young (4096K), 1 survivors (4096K)
 Metaspace       used 26074K, committed 26368K, reserved 1073152K
  class space    used 3311K, committed 3456K, reserved 1048576K
}
Event: 1.332 GC heap before
{Heap before GC invocations=7 (full 0):
 garbage-first heap   total 69632K, used 39374K [0x0000000601000000, 0x0000000800000000)
  region size 4096K, 8 young (32768K), 1 survivors (4096K)
 Metaspace       used 26782K, committed 27136K, reserved 1073152K
  class space    used 3372K, committed 3520K, reserved 1048576K
}
Event: 1.333 GC heap after
{Heap after GC invocations=8 (full 0):
 garbage-first heap   total 299008K, used 15578K [0x0000000601000000, 0x0000000800000000)
  region size 4096K, 1 young (4096K), 1 survivors (4096K)
 Metaspace       used 26782K, committed 27136K, reserved 1073152K
  class space    used 3372K, committed 3520K, reserved 1048576K
}
Event: 1.757 GC heap before
{Heap before GC invocations=8 (full 0):
 garbage-first heap   total 299008K, used 85210K [0x0000000601000000, 0x0000000800000000)
  region size 4096K, 20 young (81920K), 1 survivors (4096K)
 Metaspace       used 35690K, committed 35968K, reserved 1081344K
  class space    used 4728K, committed 4864K, reserved 1048576K
}
Event: 1.758 GC heap after
{Heap after GC invocations=9 (full 0):
 garbage-first heap   total 299008K, used 17759K [0x0000000601000000, 0x0000000800000000)
  region size 4096K, 1 young (4096K), 1 survivors (4096K)
 Metaspace       used 35690K, committed 35968K, reserved 1081344K
  class space    used 4728K, committed 4864K, reserved 1048576K
}
Event: 2.179 GC heap before
{Heap before GC invocations=10 (full 0):
 garbage-first heap   total 81920K, used 62815K [0x0000000601000000, 0x0000000800000000)
  region size 4096K, 12 young (49152K), 1 survivors (4096K)
 Metaspace       used 45661K, committed 46080K, reserved 1089536K
  class space    used 6153K, committed 6336K, reserved 1048576K
}
Event: 2.181 GC heap after
{Heap after GC invocations=11 (full 0):
 garbage-first heap   total 81920K, used 20495K [0x0000000601000000, 0x0000000800000000)
  region size 4096K, 2 young (8192K), 2 survivors (8192K)
 Metaspace       used 45661K, committed 46080K, reserved 1089536K
  class space    used 6153K, committed 6336K, reserved 1048576K
}
Event: 2.234 GC heap before
{Heap before GC invocations=11 (full 0):
 garbage-first heap   total 81920K, used 24591K [0x0000000601000000, 0x0000000800000000)
  region size 4096K, 3 young (12288K), 2 survivors (8192K)
 Metaspace       used 46882K, committed 47296K, reserved 1097728K
  class space    used 6288K, committed 6464K, reserved 1048576K
}
Event: 2.236 GC heap after
{Heap after GC invocations=12 (full 0):
 garbage-first heap   total 81920K, used 21304K [0x0000000601000000, 0x0000000800000000)
  region size 4096K, 1 young (4096K), 1 survivors (4096K)
 Metaspace       used 46882K, committed 47296K, reserved 1097728K
  class space    used 6288K, committed 6464K, reserved 1048576K
}

